Using pre-set license
Built from '2020.3/release' branch; Version is '2020.3.15f2 (6cf78cb77498) revision 7141260'; Using compiler version '192528614'; Build Type 'Release'
OS: 'Windows 10 Pro; OS build 19043.1586; Version 2009; 64bit' Language: 'pt' Physical Memory: 8054 MB
BatchMode: 1, IsHumanControllingUs: 0, StartBugReporterOnCrash: 0, Is64bit: 1, IsPro: 0

 COMMAND LINE ARGUMENTS:
C:\Program Files\Unity\Hub\Editor\2020.3.15f2\Editor\Unity.exe
-adb2
-batchMode
-noUpm
-name
AssetImportWorker0
-projectPath
C:/Users/belma/Desktop/Gamedev/2Duel/2Duel
-logFile
Logs/AssetImportWorker0.log
-srvPort
58976
Successfully changed project path to: C:/Users/belma/Desktop/Gamedev/2Duel/2Duel
C:/Users/belma/Desktop/Gamedev/2Duel/2Duel
Using Asset Import Pipeline V2.
Refreshing native plugins compatible for Editor in 56.39 ms, found 3 plugins.
Preloading 0 native plugins for Editor in 0.00 ms.
Initialize engine version: 2020.3.15f2 (6cf78cb77498)
[Subsystems] Discovering subsystems at path C:/Program Files/Unity/Hub/Editor/2020.3.15f2/Editor/Data/Resources/UnitySubsystems
[Subsystems] Discovering subsystems at path C:/Users/belma/Desktop/Gamedev/2Duel/2Duel/Assets
GfxDevice: creating device client; threaded=0
Direct3D:
    Version:  Direct3D 11.0 [level 11.1]
    Renderer: Intel(R) UHD Graphics 620 (ID=0x3ea0)
    Vendor:   
    VRAM:     4027 MB
    Driver:   27.20.100.9664
Initialize mono
Mono path[0] = 'C:/Program Files/Unity/Hub/Editor/2020.3.15f2/Editor/Data/Managed'
Mono path[1] = 'C:/Program Files/Unity/Hub/Editor/2020.3.15f2/Editor/Data/MonoBleedingEdge/lib/mono/unityjit'
Mono config path = 'C:/Program Files/Unity/Hub/Editor/2020.3.15f2/Editor/Data/MonoBleedingEdge/etc'
Using monoOptions --debugger-agent=transport=dt_socket,embedding=1,server=y,suspend=n,address=127.0.0.1:56212
Begin MonoManager ReloadAssembly
Registering precompiled unity dll's ...
Register platform support module: C:/Program Files/Unity/Hub/Editor/2020.3.15f2/Editor/Data/PlaybackEngines/WebGLSupport/UnityEditor.WebGL.Extensions.dll
Register platform support module: C:/Program Files/Unity/Hub/Editor/2020.3.15f2/Editor/Data/PlaybackEngines/WindowsStandaloneSupport/UnityEditor.WindowsStandalone.Extensions.dll
Registered in 0.004291 seconds.
Native extension for WindowsStandalone target not found
Native extension for WebGL target not found
Refreshing native plugins compatible for Editor in 47.31 ms, found 3 plugins.
Preloading 0 native plugins for Editor in 0.00 ms.
Mono: successfully reloaded assembly
- Completed reload, in  1.921 seconds
Domain Reload Profiling:
	ReloadAssembly (1921ms)
		BeginReloadAssembly (74ms)
			ExecutionOrderSort (0ms)
			DisableScriptedObjects (0ms)
			BackupInstance (0ms)
			ReleaseScriptingObjects (0ms)
			CreateAndSetChildDomain (1ms)
		EndReloadAssembly (524ms)
			LoadAssemblies (69ms)
			RebuildTransferFunctionScriptingTraits (0ms)
			SetupTypeCache (174ms)
			ReleaseScriptCaches (0ms)
			RebuildScriptCaches (40ms)
			SetupLoadedEditorAssemblies (219ms)
				LogAssemblyErrors (0ms)
				InitializePlatformSupportModulesInManaged (6ms)
				SetLoadedEditorAssemblies (0ms)
				RefreshPlugins (47ms)
				BeforeProcessingInitializeOnLoad (15ms)
				ProcessInitializeOnLoadAttributes (116ms)
				ProcessInitializeOnLoadMethodAttributes (34ms)
				AfterProcessingInitializeOnLoad (0ms)
				EditorAssembliesLoaded (0ms)
			ExecutionOrderSort2 (0ms)
			AwakeInstancesAfterBackupRestoration (0ms)
Platform modules already initialized, skipping
Registering precompiled user dll's ...
Registered in 0.013107 seconds.
Begin MonoManager ReloadAssembly
Native extension for WindowsStandalone target not found
Native extension for WebGL target not found
Refreshing native plugins compatible for Editor in 64.65 ms, found 3 plugins.
Preloading 0 native plugins for Editor in 0.00 ms.
Mono: successfully reloaded assembly
- Completed reload, in  1.852 seconds
Domain Reload Profiling:
	ReloadAssembly (1853ms)
		BeginReloadAssembly (214ms)
			ExecutionOrderSort (0ms)
			DisableScriptedObjects (7ms)
			BackupInstance (0ms)
			ReleaseScriptingObjects (0ms)
			CreateAndSetChildDomain (23ms)
		EndReloadAssembly (1554ms)
			LoadAssemblies (150ms)
			RebuildTransferFunctionScriptingTraits (0ms)
			SetupTypeCache (467ms)
			ReleaseScriptCaches (1ms)
			RebuildScriptCaches (71ms)
			SetupLoadedEditorAssemblies (653ms)
				LogAssemblyErrors (0ms)
				InitializePlatformSupportModulesInManaged (9ms)
				SetLoadedEditorAssemblies (0ms)
				RefreshPlugins (65ms)
				BeforeProcessingInitializeOnLoad (136ms)
				ProcessInitializeOnLoadAttributes (406ms)
				ProcessInitializeOnLoadMethodAttributes (23ms)
				AfterProcessingInitializeOnLoad (13ms)
				EditorAssembliesLoaded (0ms)
			ExecutionOrderSort2 (0ms)
			AwakeInstancesAfterBackupRestoration (8ms)
Platform modules already initialized, skipping
========================================================================
Worker process is ready to serve import requests
Launched and connected shader compiler UnityShaderCompiler.exe after 0.22 seconds
Refreshing native plugins compatible for Editor in 0.91 ms, found 3 plugins.
Preloading 0 native plugins for Editor in 0.00 ms.
Unloading 2090 Unused Serialized files (Serialized files now loaded: 0)
System memory in use before: 93.1 MB.
System memory in use after: 93.1 MB.

Unloading 33 unused Assets to reduce memory usage. Loaded Objects now: 2523.
Total: 3.867700 ms (FindLiveObjects: 0.244800 ms CreateObjectMapping: 0.090000 ms MarkObjects: 3.377700 ms  DeleteObjects: 0.153300 ms)

AssetImportParameters requested are different than current active one (requested -> active):
  custom:framework-win-MediaFoundation: 216162199b28c13a410421893ffa2e32 -> 
  custom:video-decoder-ogg-theora: a1e56fd34408186e4bbccfd4996cb3dc -> 
  custom:container-muxer-webm: aa71ff27fc2769a1b78a27578f13a17b -> 
  custom:container-demuxer-webm: 4f35f7cbe854078d1ac9338744f61a02 -> 
  custom:container-demuxer-ogg: 62fdf1f143b41e24485cea50d1cbac27 -> 
  custom:video-encoder-webm-vp8: eb34c28f22e8b96e1ab97ce403110664 -> 
  custom:video-decoder-webm-vp8: 9c59270c3fd7afecdb556c50c9e8de78 -> 
  custom:audio-decoder-ogg-vorbis: bf7c407c2cedff20999df2af8eb42d56 -> 
  custom:audio-encoder-webm-vorbis: bf7c407c2cedff20999df2af8eb42d56 -> 
========================================================================
Received Import Request.
  path: Assets/Scenes
  artifactKey: Guid(e0a4e18f1b646ed4fb934d0078b2433c) Importer(815301076,1909f56bfc062723c751e8b465ee728b)
Start importing Assets/Scenes using Guid(e0a4e18f1b646ed4fb934d0078b2433c) Importer(815301076,1909f56bfc062723c751e8b465ee728b)  -> (artifact id: '05b5eaf502a76eb3d6f07622c31f0346') in 0.008212 seconds 
  Import took 0.012867 seconds .

========================================================================
Received Import Request.
  Time since last request: 0.000353 seconds.
  path: Assets/Scenes/SampleScene.unity
  artifactKey: Guid(2cda990e2423bbf4892e6590ba056729) Importer(815301076,1909f56bfc062723c751e8b465ee728b)
Start importing Assets/Scenes/SampleScene.unity using Guid(2cda990e2423bbf4892e6590ba056729) Importer(815301076,1909f56bfc062723c751e8b465ee728b)  -> (artifact id: 'aa27944bdea339c97c39027c7eea529c') in 0.018454 seconds 
  Import took 0.023411 seconds .

========================================================================
Received Import Request.
  Time since last request: 684.261137 seconds.
  path: Assets
  artifactKey: Guid(00000000000000001000000000000000) Importer(815301076,1909f56bfc062723c751e8b465ee728b)
Start importing Assets using Guid(00000000000000001000000000000000) Importer(815301076,1909f56bfc062723c751e8b465ee728b)  -> (artifact id: '42d402b061de3733987d63b9cc3b64de') in 0.004767 seconds 
  Import took 0.011583 seconds .

========================================================================
Received Import Request.
  Time since last request: 6.582918 seconds.
  path: Assets/Scripts
  artifactKey: Guid(4f745df0ed6cd3745923251d795413d8) Importer(815301076,1909f56bfc062723c751e8b465ee728b)
Start importing Assets/Scripts using Guid(4f745df0ed6cd3745923251d795413d8) Importer(815301076,1909f56bfc062723c751e8b465ee728b)  -> (artifact id: '8489e9dd28eaea512208a26e26fe21b2') in 0.003490 seconds 
  Import took 0.007875 seconds .

========================================================================
Received Import Request.
  Time since last request: 10.398025 seconds.
  path: Assets/Scenaries
  artifactKey: Guid(faa53936d5c1fb1478f5c9958d6caa47) Importer(815301076,1909f56bfc062723c751e8b465ee728b)
Start importing Assets/Scenaries using Guid(faa53936d5c1fb1478f5c9958d6caa47) Importer(815301076,1909f56bfc062723c751e8b465ee728b)  -> (artifact id: 'f73ab76b47901fa42d7730bf4efc54bd') in 0.004342 seconds 
  Import took 0.009406 seconds .

========================================================================
Received Import Request.
  Time since last request: 6.989652 seconds.
  path: Assets/Music
  artifactKey: Guid(de69cd735c98a1c48be39ec0656504b5) Importer(815301076,1909f56bfc062723c751e8b465ee728b)
Start importing Assets/Music using Guid(de69cd735c98a1c48be39ec0656504b5) Importer(815301076,1909f56bfc062723c751e8b465ee728b)  -> (artifact id: 'af07a1f69ca7676bdc9e3a2f133e6085') in 0.004461 seconds 
  Import took 0.008206 seconds .

========================================================================
Received Import Request.
  Time since last request: 11.288115 seconds.
  path: Assets/Animation
  artifactKey: Guid(c3bb7c8377a1580448bc20a3a98e9f66) Importer(815301076,1909f56bfc062723c751e8b465ee728b)
Start importing Assets/Animation using Guid(c3bb7c8377a1580448bc20a3a98e9f66) Importer(815301076,1909f56bfc062723c751e8b465ee728b)  -> (artifact id: '09750f85540218428aebba8fd9ee5f4d') in 0.003629 seconds 
  Import took 0.008377 seconds .

========================================================================
Received Import Request.
  Time since last request: 23.293803 seconds.
  path: Assets/Scenaries/Ground.png
  artifactKey: Guid(07795102494422549ae5514b1e400a4e) Importer(815301076,1909f56bfc062723c751e8b465ee728b)
Start importing Assets/Scenaries/Ground.png using Guid(07795102494422549ae5514b1e400a4e) Importer(815301076,1909f56bfc062723c751e8b465ee728b)  -> (artifact id: '0baac94f73262ea8cecc85f3c198a4c7') in 0.114690 seconds 
  Import took 0.118037 seconds .

========================================================================
Received Import Request.
  Time since last request: 36.313593 seconds.
  path: Assets/Scenaries/TileSet
  artifactKey: Guid(13741279b215fba4bbe6be1bfcbd47a2) Importer(815301076,1909f56bfc062723c751e8b465ee728b)
Start importing Assets/Scenaries/TileSet using Guid(13741279b215fba4bbe6be1bfcbd47a2) Importer(815301076,1909f56bfc062723c751e8b465ee728b)  -> (artifact id: '55f2e7ed267e9fc483aee9dd6830359e') in 0.003299 seconds 
  Import took 0.007276 seconds .

========================================================================
Received Import Request.
  Time since last request: 7.636930 seconds.
  path: Assets/Scenaries/Objects
  artifactKey: Guid(cda440c1f9af12b45b46f21dac75a3cb) Importer(815301076,1909f56bfc062723c751e8b465ee728b)
Start importing Assets/Scenaries/Objects using Guid(cda440c1f9af12b45b46f21dac75a3cb) Importer(815301076,1909f56bfc062723c751e8b465ee728b)  -> (artifact id: '1db1e87ccf9cf1aaea0790bc637af44d') in 0.002957 seconds 
  Import took 0.007415 seconds .

========================================================================
Received Import Request.
  Time since last request: 11.549091 seconds.
  path: Assets/Scenaries/BackGround
  artifactKey: Guid(c40ac500ac82f764d9a126cbc5c66de8) Importer(815301076,1909f56bfc062723c751e8b465ee728b)
Start importing Assets/Scenaries/BackGround using Guid(c40ac500ac82f764d9a126cbc5c66de8) Importer(815301076,1909f56bfc062723c751e8b465ee728b)  -> (artifact id: 'b76e97bf29d51f807cd0fd3c754f84af') in 0.003039 seconds 
  Import took 0.006869 seconds .

========================================================================
Received Import Request.
  Time since last request: 19.660104 seconds.
  path: Assets/Sound
  artifactKey: Guid(de69cd735c98a1c48be39ec0656504b5) Importer(815301076,1909f56bfc062723c751e8b465ee728b)
Start importing Assets/Sound using Guid(de69cd735c98a1c48be39ec0656504b5) Importer(815301076,1909f56bfc062723c751e8b465ee728b)  -> (artifact id: '65aba1062a126f8b56a64bd8f985da59') in 0.003580 seconds 
  Import took 0.009425 seconds .

========================================================================
Received Import Request.
  Time since last request: 0.000655 seconds.
  path: Assets/Sound
  artifactKey: Guid(de69cd735c98a1c48be39ec0656504b5) Importer(815301076,1909f56bfc062723c751e8b465ee728b)
Start importing Assets/Sound using Guid(de69cd735c98a1c48be39ec0656504b5) Importer(815301076,1909f56bfc062723c751e8b465ee728b)  -> (artifact id: '65aba1062a126f8b56a64bd8f985da59') in 0.002861 seconds 
  Import took 0.007338 seconds .

========================================================================
Received Import Request.
  Time since last request: 5.467208 seconds.
  path: Assets/Sound/SFX
  artifactKey: Guid(94794cd67fb4be049b21f45b80a968ad) Importer(815301076,1909f56bfc062723c751e8b465ee728b)
Start importing Assets/Sound/SFX using Guid(94794cd67fb4be049b21f45b80a968ad) Importer(815301076,1909f56bfc062723c751e8b465ee728b)  -> (artifact id: 'aa63e6a0c9c10e82226494cf27b1b68f') in 0.003135 seconds 
  Import took 0.008437 seconds .

========================================================================
Received Import Request.
  Time since last request: 7.804475 seconds.
  path: Assets/Sound/Game_Music
  artifactKey: Guid(9ab7dee77ede7734c9e11a535f9fbca4) Importer(815301076,1909f56bfc062723c751e8b465ee728b)
Start importing Assets/Sound/Game_Music using Guid(9ab7dee77ede7734c9e11a535f9fbca4) Importer(815301076,1909f56bfc062723c751e8b465ee728b)  -> (artifact id: 'ce924831f91850def3d6d687a5524b08') in 0.003469 seconds 
  Import took 0.007070 seconds .

========================================================================
Received Import Request.
  Time since last request: 77.233885 seconds.
  path: Assets/Scenaries/BackGround/Flat Night 4 BG.png
  artifactKey: Guid(2247aa9637379fc4491522ce53f6168c) Importer(815301076,1909f56bfc062723c751e8b465ee728b)
Start importing Assets/Scenaries/BackGround/Flat Night 4 BG.png using Guid(2247aa9637379fc4491522ce53f6168c) Importer(815301076,1909f56bfc062723c751e8b465ee728b)  -> (artifact id: 'e66cde0010065673c279a76336a09c30') in 0.015734 seconds 
  Import took 0.020133 seconds .

========================================================================
Received Import Request.
  Time since last request: 0.007164 seconds.
  path: Assets/Scenaries/BackGround/Flat Night 4 BG.png
  artifactKey: Guid(2247aa9637379fc4491522ce53f6168c) Importer(815301076,1909f56bfc062723c751e8b465ee728b)
Start importing Assets/Scenaries/BackGround/Flat Night 4 BG.png using Guid(2247aa9637379fc4491522ce53f6168c) Importer(815301076,1909f56bfc062723c751e8b465ee728b)  -> (artifact id: 'e66cde0010065673c279a76336a09c30') in 0.014216 seconds 
  Import took 0.017840 seconds .

========================================================================
Received Import Request.
  Time since last request: 161.491557 seconds.
  path: Assets/Sprites
  artifactKey: Guid(f7a5328dfb5cd5c4ba93326fbc5292ab) Importer(815301076,1909f56bfc062723c751e8b465ee728b)
Start importing Assets/Sprites using Guid(f7a5328dfb5cd5c4ba93326fbc5292ab) Importer(815301076,1909f56bfc062723c751e8b465ee728b)  -> (artifact id: 'bfb02766c0a5491bafa7b74e055ca125') in 0.004590 seconds 
  Import took 0.009660 seconds .

========================================================================
Received Import Request.
  Time since last request: 208.219798 seconds.
  path: Assets/Sprites/P1.png
  artifactKey: Guid(d4a756d537911694e9ab3525fe779b4a) Importer(815301076,1909f56bfc062723c751e8b465ee728b)
Start importing Assets/Sprites/P1.png using Guid(d4a756d537911694e9ab3525fe779b4a) Importer(815301076,1909f56bfc062723c751e8b465ee728b)  -> (artifact id: '295bcbf33209714d34ec67eced87f35c') in 0.015338 seconds 
  Import took 0.022562 seconds .

AssetImportWorkerClient::OnTransportError - code=2 error=End of file
